<?xml version="1.0" encoding="UTF-8"?>
<coverage generated="1638770690298" clover="3.2.0">
  <project timestamp="1638770690298" name="All files">
    <metrics statements="43" coveredstatements="23" conditionals="37" coveredconditionals="15" methods="6" coveredmethods="4" elements="86" coveredelements="42" complexity="0" loc="43" ncloc="43" packages="1" files="1" classes="1"/>
    <file name="checkRequests.ts" path="/Users/alanjudi/Projects/LedN-Challenge/src/utils/checkRequests.ts">
      <metrics statements="43" coveredstatements="23" conditionals="37" coveredconditionals="15" methods="6" coveredmethods="4"/>
      <line num="3" count="1" type="stmt"/>
      <line num="4" count="4" type="stmt"/>
      <line num="11" count="1" type="stmt"/>
      <line num="12" count="3" type="stmt"/>
      <line num="13" count="3" type="cond" truecount="2" falsecount="0"/>
      <line num="16" count="1" type="stmt"/>
      <line num="17" count="0" type="cond" truecount="0" falsecount="1"/>
      <line num="18" count="0" type="stmt"/>
      <line num="21" count="0" type="cond" truecount="0" falsecount="3"/>
      <line num="22" count="0" type="stmt"/>
      <line num="25" count="0" type="cond" truecount="0" falsecount="3"/>
      <line num="26" count="0" type="stmt"/>
      <line num="29" count="0" type="stmt"/>
      <line num="32" count="1" type="stmt"/>
      <line num="33" count="2" type="cond" truecount="2" falsecount="1"/>
      <line num="34" count="0" type="stmt"/>
      <line num="36" count="2" type="cond" truecount="2" falsecount="1"/>
      <line num="37" count="0" type="stmt"/>
      <line num="40" count="2" type="cond" truecount="1" falsecount="0"/>
      <line num="41" count="1" type="stmt"/>
      <line num="44" count="1" type="cond" truecount="2" falsecount="1"/>
      <line num="45" count="0" type="stmt"/>
      <line num="48" count="1" type="cond" truecount="2" falsecount="1"/>
      <line num="49" count="0" type="stmt"/>
      <line num="52" count="1" type="cond" truecount="0" falsecount="1"/>
      <line num="53" count="0" type="stmt"/>
      <line num="56" count="1" type="cond" truecount="2" falsecount="1"/>
      <line num="57" count="0" type="stmt"/>
      <line num="60" count="1" type="stmt"/>
      <line num="63" count="1" type="stmt"/>
      <line num="64" count="0" type="cond" truecount="0" falsecount="3"/>
      <line num="65" count="0" type="stmt"/>
      <line num="68" count="0" type="cond" truecount="0" falsecount="3"/>
      <line num="69" count="0" type="stmt"/>
      <line num="72" count="0" type="stmt"/>
      <line num="75" count="1" type="stmt"/>
      <line num="76" count="2" type="cond" truecount="0" falsecount="1"/>
      <line num="77" count="0" type="stmt"/>
      <line num="80" count="2" type="cond" truecount="1" falsecount="0"/>
      <line num="81" count="1" type="stmt"/>
      <line num="84" count="1" type="cond" truecount="1" falsecount="2"/>
      <line num="85" count="0" type="stmt"/>
      <line num="88" count="1" type="stmt"/>
    </file>
  </project>
</coverage>
