<?xml version="1.0" encoding="UTF-8"?>
<coverage generated="1638771113165" clover="3.2.0">
  <project timestamp="1638771113165" name="All files">
    <metrics statements="46" coveredstatements="26" conditionals="38" coveredconditionals="16" methods="6" coveredmethods="4" elements="90" coveredelements="46" complexity="0" loc="46" ncloc="46" packages="1" files="1" classes="1"/>
    <file name="checkRequests.ts" path="/Users/alanjudi/Projects/LedN-Challenge/src/utils/checkRequests.ts">
      <metrics statements="46" coveredstatements="26" conditionals="38" coveredconditionals="16" methods="6" coveredmethods="4"/>
      <line num="3" count="1" type="stmt"/>
      <line num="4" count="6" type="stmt"/>
      <line num="10" count="6" type="cond" truecount="1" falsecount="0"/>
      <line num="11" count="4" type="stmt"/>
      <line num="14" count="2" type="stmt"/>
      <line num="17" count="1" type="stmt"/>
      <line num="18" count="3" type="stmt"/>
      <line num="19" count="3" type="cond" truecount="2" falsecount="0"/>
      <line num="22" count="1" type="stmt"/>
      <line num="23" count="0" type="cond" truecount="0" falsecount="1"/>
      <line num="24" count="0" type="stmt"/>
      <line num="27" count="0" type="cond" truecount="0" falsecount="3"/>
      <line num="28" count="0" type="stmt"/>
      <line num="31" count="0" type="cond" truecount="0" falsecount="3"/>
      <line num="32" count="0" type="stmt"/>
      <line num="35" count="0" type="stmt"/>
      <line num="38" count="1" type="stmt"/>
      <line num="39" count="2" type="cond" truecount="2" falsecount="1"/>
      <line num="40" count="0" type="stmt"/>
      <line num="42" count="2" type="cond" truecount="2" falsecount="1"/>
      <line num="43" count="0" type="stmt"/>
      <line num="46" count="2" type="cond" truecount="1" falsecount="0"/>
      <line num="47" count="1" type="stmt"/>
      <line num="50" count="1" type="cond" truecount="2" falsecount="1"/>
      <line num="51" count="0" type="stmt"/>
      <line num="54" count="1" type="cond" truecount="2" falsecount="1"/>
      <line num="55" count="0" type="stmt"/>
      <line num="58" count="1" type="cond" truecount="0" falsecount="1"/>
      <line num="59" count="0" type="stmt"/>
      <line num="62" count="1" type="cond" truecount="2" falsecount="1"/>
      <line num="63" count="0" type="stmt"/>
      <line num="66" count="1" type="stmt"/>
      <line num="69" count="1" type="stmt"/>
      <line num="70" count="0" type="cond" truecount="0" falsecount="3"/>
      <line num="71" count="0" type="stmt"/>
      <line num="74" count="0" type="cond" truecount="0" falsecount="3"/>
      <line num="75" count="0" type="stmt"/>
      <line num="78" count="0" type="stmt"/>
      <line num="81" count="1" type="stmt"/>
      <line num="82" count="2" type="cond" truecount="0" falsecount="1"/>
      <line num="83" count="0" type="stmt"/>
      <line num="86" count="2" type="cond" truecount="1" falsecount="0"/>
      <line num="87" count="1" type="stmt"/>
      <line num="90" count="1" type="cond" truecount="1" falsecount="2"/>
      <line num="91" count="0" type="stmt"/>
      <line num="94" count="1" type="stmt"/>
    </file>
  </project>
</coverage>
