{"/Users/alanjudi/Projects/LedN-Challenge/src/utils/checkRequests.ts": {"path":"/Users/alanjudi/Projects/LedN-Challenge/src/utils/checkRequests.ts","statementMap":{"0":{"start":{"line":3,"column":26},"end":{"line":15,"column":1}},"1":{"start":{"line":4,"column":17},"end":{"line":7,"column":null}},"2":{"start":{"line":10,"column":4},"end":{"line":12,"column":null}},"3":{"start":{"line":11,"column":6},"end":{"line":11,"column":18}},"4":{"start":{"line":14,"column":4},"end":{"line":14,"column":null}},"5":{"start":{"line":3,"column":13},"end":{"line":3,"column":26}},"6":{"start":{"line":17,"column":27},"end":{"line":20,"column":1}},"7":{"start":{"line":18,"column":15},"end":{"line":18,"column":26}},"8":{"start":{"line":19,"column":2},"end":{"line":19,"column":56}},"9":{"start":{"line":17,"column":13},"end":{"line":17,"column":27}},"10":{"start":{"line":22,"column":39},"end":{"line":36,"column":1}},"11":{"start":{"line":23,"column":2},"end":{"line":25,"column":null}},"12":{"start":{"line":24,"column":4},"end":{"line":24,"column":17}},"13":{"start":{"line":27,"column":2},"end":{"line":29,"column":null}},"14":{"start":{"line":28,"column":4},"end":{"line":28,"column":17}},"15":{"start":{"line":31,"column":2},"end":{"line":33,"column":null}},"16":{"start":{"line":32,"column":4},"end":{"line":32,"column":17}},"17":{"start":{"line":35,"column":2},"end":{"line":35,"column":14}},"18":{"start":{"line":22,"column":13},"end":{"line":22,"column":39}},"19":{"start":{"line":38,"column":40},"end":{"line":67,"column":1}},"20":{"start":{"line":39,"column":2},"end":{"line":40,"column":17}},"21":{"start":{"line":40,"column":4},"end":{"line":40,"column":17}},"22":{"start":{"line":42,"column":2},"end":{"line":44,"column":null}},"23":{"start":{"line":43,"column":4},"end":{"line":43,"column":17}},"24":{"start":{"line":46,"column":2},"end":{"line":48,"column":null}},"25":{"start":{"line":47,"column":4},"end":{"line":47,"column":17}},"26":{"start":{"line":50,"column":2},"end":{"line":52,"column":null}},"27":{"start":{"line":51,"column":4},"end":{"line":51,"column":17}},"28":{"start":{"line":54,"column":2},"end":{"line":56,"column":null}},"29":{"start":{"line":55,"column":4},"end":{"line":55,"column":17}},"30":{"start":{"line":58,"column":2},"end":{"line":60,"column":null}},"31":{"start":{"line":59,"column":4},"end":{"line":59,"column":17}},"32":{"start":{"line":62,"column":2},"end":{"line":64,"column":null}},"33":{"start":{"line":63,"column":4},"end":{"line":63,"column":17}},"34":{"start":{"line":66,"column":2},"end":{"line":66,"column":14}},"35":{"start":{"line":38,"column":13},"end":{"line":38,"column":40}},"36":{"start":{"line":69,"column":33},"end":{"line":79,"column":1}},"37":{"start":{"line":70,"column":2},"end":{"line":72,"column":null}},"38":{"start":{"line":71,"column":4},"end":{"line":71,"column":17}},"39":{"start":{"line":74,"column":2},"end":{"line":76,"column":null}},"40":{"start":{"line":75,"column":4},"end":{"line":75,"column":17}},"41":{"start":{"line":78,"column":2},"end":{"line":78,"column":14}},"42":{"start":{"line":69,"column":13},"end":{"line":69,"column":33}},"43":{"start":{"line":81,"column":44},"end":{"line":95,"column":1}},"44":{"start":{"line":82,"column":2},"end":{"line":84,"column":null}},"45":{"start":{"line":83,"column":4},"end":{"line":83,"column":17}},"46":{"start":{"line":86,"column":2},"end":{"line":88,"column":null}},"47":{"start":{"line":87,"column":4},"end":{"line":87,"column":17}},"48":{"start":{"line":90,"column":2},"end":{"line":92,"column":null}},"49":{"start":{"line":91,"column":4},"end":{"line":91,"column":17}},"50":{"start":{"line":94,"column":2},"end":{"line":94,"column":14}},"51":{"start":{"line":81,"column":13},"end":{"line":81,"column":44}}},"fnMap":{"0":{"name":"(anonymous_0)","decl":{"start":{"line":3,"column":26},"end":{"line":3,"column":27}},"loc":{"start":{"line":3,"column":54},"end":{"line":15,"column":1}}},"1":{"name":"(anonymous_1)","decl":{"start":{"line":17,"column":27},"end":{"line":17,"column":28}},"loc":{"start":{"line":17,"column":41},"end":{"line":20,"column":1}}},"2":{"name":"(anonymous_2)","decl":{"start":{"line":22,"column":39},"end":{"line":22,"column":40}},"loc":{"start":{"line":22,"column":65},"end":{"line":36,"column":1}}},"3":{"name":"(anonymous_3)","decl":{"start":{"line":38,"column":40},"end":{"line":38,"column":41}},"loc":{"start":{"line":38,"column":66},"end":{"line":67,"column":1}}},"4":{"name":"(anonymous_4)","decl":{"start":{"line":69,"column":33},"end":{"line":69,"column":34}},"loc":{"start":{"line":69,"column":59},"end":{"line":79,"column":1}}},"5":{"name":"(anonymous_5)","decl":{"start":{"line":81,"column":44},"end":{"line":81,"column":45}},"loc":{"start":{"line":81,"column":70},"end":{"line":95,"column":1}}}},"branchMap":{"0":{"loc":{"start":{"line":10,"column":4},"end":{"line":12,"column":null}},"type":"if","locations":[{"start":{"line":10,"column":4},"end":{"line":12,"column":null}}]},"1":{"loc":{"start":{"line":19,"column":9},"end":{"line":19,"column":55}},"type":"binary-expr","locations":[{"start":{"line":19,"column":9},"end":{"line":19,"column":29}},{"start":{"line":19,"column":33},"end":{"line":19,"column":55}}]},"2":{"loc":{"start":{"line":23,"column":2},"end":{"line":25,"column":null}},"type":"if","locations":[{"start":{"line":23,"column":2},"end":{"line":25,"column":null}}]},"3":{"loc":{"start":{"line":27,"column":2},"end":{"line":29,"column":null}},"type":"if","locations":[{"start":{"line":27,"column":2},"end":{"line":29,"column":null}}]},"4":{"loc":{"start":{"line":27,"column":6},"end":{"line":27,"column":71}},"type":"binary-expr","locations":[{"start":{"line":27,"column":6},"end":{"line":27,"column":34}},{"start":{"line":27,"column":38},"end":{"line":27,"column":71}}]},"5":{"loc":{"start":{"line":31,"column":2},"end":{"line":33,"column":null}},"type":"if","locations":[{"start":{"line":31,"column":2},"end":{"line":33,"column":null}}]},"6":{"loc":{"start":{"line":31,"column":6},"end":{"line":31,"column":73}},"type":"binary-expr","locations":[{"start":{"line":31,"column":6},"end":{"line":31,"column":35}},{"start":{"line":31,"column":39},"end":{"line":31,"column":73}}]},"7":{"loc":{"start":{"line":39,"column":2},"end":{"line":40,"column":17}},"type":"if","locations":[{"start":{"line":39,"column":2},"end":{"line":40,"column":17}}]},"8":{"loc":{"start":{"line":39,"column":6},"end":{"line":39,"column":71}},"type":"binary-expr","locations":[{"start":{"line":39,"column":6},"end":{"line":39,"column":34}},{"start":{"line":39,"column":38},"end":{"line":39,"column":71}}]},"9":{"loc":{"start":{"line":42,"column":2},"end":{"line":44,"column":null}},"type":"if","locations":[{"start":{"line":42,"column":2},"end":{"line":44,"column":null}}]},"10":{"loc":{"start":{"line":42,"column":6},"end":{"line":42,"column":70}},"type":"binary-expr","locations":[{"start":{"line":42,"column":6},"end":{"line":42,"column":33}},{"start":{"line":42,"column":37},"end":{"line":42,"column":70}}]},"11":{"loc":{"start":{"line":46,"column":2},"end":{"line":48,"column":null}},"type":"if","locations":[{"start":{"line":46,"column":2},"end":{"line":48,"column":null}}]},"12":{"loc":{"start":{"line":50,"column":2},"end":{"line":52,"column":null}},"type":"if","locations":[{"start":{"line":50,"column":2},"end":{"line":52,"column":null}}]},"13":{"loc":{"start":{"line":50,"column":6},"end":{"line":50,"column":73}},"type":"binary-expr","locations":[{"start":{"line":50,"column":6},"end":{"line":50,"column":35}},{"start":{"line":50,"column":39},"end":{"line":50,"column":73}}]},"14":{"loc":{"start":{"line":54,"column":2},"end":{"line":56,"column":null}},"type":"if","locations":[{"start":{"line":54,"column":2},"end":{"line":56,"column":null}}]},"15":{"loc":{"start":{"line":54,"column":6},"end":{"line":54,"column":71}},"type":"binary-expr","locations":[{"start":{"line":54,"column":6},"end":{"line":54,"column":34}},{"start":{"line":54,"column":38},"end":{"line":54,"column":71}}]},"16":{"loc":{"start":{"line":58,"column":2},"end":{"line":60,"column":null}},"type":"if","locations":[{"start":{"line":58,"column":2},"end":{"line":60,"column":null}}]},"17":{"loc":{"start":{"line":62,"column":2},"end":{"line":64,"column":null}},"type":"if","locations":[{"start":{"line":62,"column":2},"end":{"line":64,"column":null}}]},"18":{"loc":{"start":{"line":62,"column":6},"end":{"line":62,"column":69}},"type":"binary-expr","locations":[{"start":{"line":62,"column":6},"end":{"line":62,"column":33}},{"start":{"line":62,"column":37},"end":{"line":62,"column":69}}]},"19":{"loc":{"start":{"line":70,"column":2},"end":{"line":72,"column":null}},"type":"if","locations":[{"start":{"line":70,"column":2},"end":{"line":72,"column":null}}]},"20":{"loc":{"start":{"line":70,"column":6},"end":{"line":70,"column":71}},"type":"binary-expr","locations":[{"start":{"line":70,"column":6},"end":{"line":70,"column":34}},{"start":{"line":70,"column":38},"end":{"line":70,"column":71}}]},"21":{"loc":{"start":{"line":74,"column":2},"end":{"line":76,"column":null}},"type":"if","locations":[{"start":{"line":74,"column":2},"end":{"line":76,"column":null}}]},"22":{"loc":{"start":{"line":74,"column":6},"end":{"line":74,"column":41}},"type":"binary-expr","locations":[{"start":{"line":74,"column":6},"end":{"line":74,"column":28}},{"start":{"line":74,"column":32},"end":{"line":74,"column":41}}]},"23":{"loc":{"start":{"line":82,"column":2},"end":{"line":84,"column":null}},"type":"if","locations":[{"start":{"line":82,"column":2},"end":{"line":84,"column":null}}]},"24":{"loc":{"start":{"line":86,"column":2},"end":{"line":88,"column":null}},"type":"if","locations":[{"start":{"line":86,"column":2},"end":{"line":88,"column":null}}]},"25":{"loc":{"start":{"line":90,"column":2},"end":{"line":92,"column":null}},"type":"if","locations":[{"start":{"line":90,"column":2},"end":{"line":92,"column":null}}]},"26":{"loc":{"start":{"line":90,"column":6},"end":{"line":90,"column":61}},"type":"binary-expr","locations":[{"start":{"line":90,"column":6},"end":{"line":90,"column":33}},{"start":{"line":90,"column":37},"end":{"line":90,"column":61}}]}},"s":{"0":1,"1":6,"2":6,"3":4,"4":2,"5":1,"6":1,"7":3,"8":3,"9":1,"10":1,"11":0,"12":0,"13":0,"14":0,"15":0,"16":0,"17":0,"18":1,"19":1,"20":2,"21":0,"22":2,"23":0,"24":2,"25":1,"26":1,"27":0,"28":1,"29":0,"30":1,"31":0,"32":1,"33":0,"34":1,"35":1,"36":1,"37":0,"38":0,"39":0,"40":0,"41":0,"42":1,"43":1,"44":2,"45":0,"46":2,"47":1,"48":1,"49":0,"50":1,"51":1},"f":{"0":6,"1":3,"2":0,"3":2,"4":0,"5":2},"b":{"0":[4],"1":[3,3],"2":[0],"3":[0],"4":[0,0],"5":[0],"6":[0,0],"7":[0],"8":[2,2],"9":[0],"10":[2,2],"11":[1],"12":[0],"13":[1,1],"14":[0],"15":[1,1],"16":[0],"17":[0],"18":[1,1],"19":[0],"20":[0,0],"21":[0],"22":[0,0],"23":[0],"24":[1],"25":[0],"26":[1,0]}}
}
