{"/Users/alanjudi/Projects/LedN-Challenge/src/utils/checkRequests.ts": {"path":"/Users/alanjudi/Projects/LedN-Challenge/src/utils/checkRequests.ts","statementMap":{"0":{"start":{"line":3,"column":26},"end":{"line":9,"column":1}},"1":{"start":{"line":4,"column":2},"end":{"line":8,"column":6}},"2":{"start":{"line":3,"column":13},"end":{"line":3,"column":26}},"3":{"start":{"line":11,"column":27},"end":{"line":14,"column":1}},"4":{"start":{"line":12,"column":15},"end":{"line":12,"column":26}},"5":{"start":{"line":13,"column":2},"end":{"line":13,"column":56}},"6":{"start":{"line":11,"column":13},"end":{"line":11,"column":27}},"7":{"start":{"line":16,"column":39},"end":{"line":30,"column":1}},"8":{"start":{"line":17,"column":2},"end":{"line":19,"column":null}},"9":{"start":{"line":18,"column":4},"end":{"line":18,"column":17}},"10":{"start":{"line":21,"column":2},"end":{"line":23,"column":null}},"11":{"start":{"line":22,"column":4},"end":{"line":22,"column":17}},"12":{"start":{"line":25,"column":2},"end":{"line":27,"column":null}},"13":{"start":{"line":26,"column":4},"end":{"line":26,"column":17}},"14":{"start":{"line":29,"column":2},"end":{"line":29,"column":14}},"15":{"start":{"line":16,"column":13},"end":{"line":16,"column":39}},"16":{"start":{"line":32,"column":40},"end":{"line":61,"column":1}},"17":{"start":{"line":33,"column":2},"end":{"line":34,"column":17}},"18":{"start":{"line":34,"column":4},"end":{"line":34,"column":17}},"19":{"start":{"line":36,"column":2},"end":{"line":38,"column":null}},"20":{"start":{"line":37,"column":4},"end":{"line":37,"column":17}},"21":{"start":{"line":40,"column":2},"end":{"line":42,"column":null}},"22":{"start":{"line":41,"column":4},"end":{"line":41,"column":17}},"23":{"start":{"line":44,"column":2},"end":{"line":46,"column":null}},"24":{"start":{"line":45,"column":4},"end":{"line":45,"column":17}},"25":{"start":{"line":48,"column":2},"end":{"line":50,"column":null}},"26":{"start":{"line":49,"column":4},"end":{"line":49,"column":17}},"27":{"start":{"line":52,"column":2},"end":{"line":54,"column":null}},"28":{"start":{"line":53,"column":4},"end":{"line":53,"column":17}},"29":{"start":{"line":56,"column":2},"end":{"line":58,"column":null}},"30":{"start":{"line":57,"column":4},"end":{"line":57,"column":17}},"31":{"start":{"line":60,"column":2},"end":{"line":60,"column":14}},"32":{"start":{"line":32,"column":13},"end":{"line":32,"column":40}},"33":{"start":{"line":63,"column":33},"end":{"line":73,"column":1}},"34":{"start":{"line":64,"column":2},"end":{"line":66,"column":null}},"35":{"start":{"line":65,"column":4},"end":{"line":65,"column":17}},"36":{"start":{"line":68,"column":2},"end":{"line":70,"column":null}},"37":{"start":{"line":69,"column":4},"end":{"line":69,"column":17}},"38":{"start":{"line":72,"column":2},"end":{"line":72,"column":14}},"39":{"start":{"line":63,"column":13},"end":{"line":63,"column":33}},"40":{"start":{"line":75,"column":44},"end":{"line":89,"column":1}},"41":{"start":{"line":76,"column":2},"end":{"line":78,"column":null}},"42":{"start":{"line":77,"column":4},"end":{"line":77,"column":17}},"43":{"start":{"line":80,"column":2},"end":{"line":82,"column":null}},"44":{"start":{"line":81,"column":4},"end":{"line":81,"column":17}},"45":{"start":{"line":84,"column":2},"end":{"line":86,"column":null}},"46":{"start":{"line":85,"column":4},"end":{"line":85,"column":17}},"47":{"start":{"line":88,"column":2},"end":{"line":88,"column":14}},"48":{"start":{"line":75,"column":13},"end":{"line":75,"column":44}}},"fnMap":{"0":{"name":"(anonymous_0)","decl":{"start":{"line":3,"column":26},"end":{"line":3,"column":27}},"loc":{"start":{"line":3,"column":44},"end":{"line":9,"column":1}}},"1":{"name":"(anonymous_1)","decl":{"start":{"line":11,"column":27},"end":{"line":11,"column":28}},"loc":{"start":{"line":11,"column":41},"end":{"line":14,"column":1}}},"2":{"name":"(anonymous_2)","decl":{"start":{"line":16,"column":39},"end":{"line":16,"column":40}},"loc":{"start":{"line":16,"column":65},"end":{"line":30,"column":1}}},"3":{"name":"(anonymous_3)","decl":{"start":{"line":32,"column":40},"end":{"line":32,"column":41}},"loc":{"start":{"line":32,"column":66},"end":{"line":61,"column":1}}},"4":{"name":"(anonymous_4)","decl":{"start":{"line":63,"column":33},"end":{"line":63,"column":34}},"loc":{"start":{"line":63,"column":59},"end":{"line":73,"column":1}}},"5":{"name":"(anonymous_5)","decl":{"start":{"line":75,"column":44},"end":{"line":75,"column":45}},"loc":{"start":{"line":75,"column":70},"end":{"line":89,"column":1}}}},"branchMap":{"0":{"loc":{"start":{"line":13,"column":9},"end":{"line":13,"column":55}},"type":"binary-expr","locations":[{"start":{"line":13,"column":9},"end":{"line":13,"column":29}},{"start":{"line":13,"column":33},"end":{"line":13,"column":55}}]},"1":{"loc":{"start":{"line":17,"column":2},"end":{"line":19,"column":null}},"type":"if","locations":[{"start":{"line":17,"column":2},"end":{"line":19,"column":null}}]},"2":{"loc":{"start":{"line":21,"column":2},"end":{"line":23,"column":null}},"type":"if","locations":[{"start":{"line":21,"column":2},"end":{"line":23,"column":null}}]},"3":{"loc":{"start":{"line":21,"column":6},"end":{"line":21,"column":71}},"type":"binary-expr","locations":[{"start":{"line":21,"column":6},"end":{"line":21,"column":34}},{"start":{"line":21,"column":38},"end":{"line":21,"column":71}}]},"4":{"loc":{"start":{"line":25,"column":2},"end":{"line":27,"column":null}},"type":"if","locations":[{"start":{"line":25,"column":2},"end":{"line":27,"column":null}}]},"5":{"loc":{"start":{"line":25,"column":6},"end":{"line":25,"column":73}},"type":"binary-expr","locations":[{"start":{"line":25,"column":6},"end":{"line":25,"column":35}},{"start":{"line":25,"column":39},"end":{"line":25,"column":73}}]},"6":{"loc":{"start":{"line":33,"column":2},"end":{"line":34,"column":17}},"type":"if","locations":[{"start":{"line":33,"column":2},"end":{"line":34,"column":17}}]},"7":{"loc":{"start":{"line":33,"column":6},"end":{"line":33,"column":71}},"type":"binary-expr","locations":[{"start":{"line":33,"column":6},"end":{"line":33,"column":34}},{"start":{"line":33,"column":38},"end":{"line":33,"column":71}}]},"8":{"loc":{"start":{"line":36,"column":2},"end":{"line":38,"column":null}},"type":"if","locations":[{"start":{"line":36,"column":2},"end":{"line":38,"column":null}}]},"9":{"loc":{"start":{"line":36,"column":6},"end":{"line":36,"column":70}},"type":"binary-expr","locations":[{"start":{"line":36,"column":6},"end":{"line":36,"column":33}},{"start":{"line":36,"column":37},"end":{"line":36,"column":70}}]},"10":{"loc":{"start":{"line":40,"column":2},"end":{"line":42,"column":null}},"type":"if","locations":[{"start":{"line":40,"column":2},"end":{"line":42,"column":null}}]},"11":{"loc":{"start":{"line":44,"column":2},"end":{"line":46,"column":null}},"type":"if","locations":[{"start":{"line":44,"column":2},"end":{"line":46,"column":null}}]},"12":{"loc":{"start":{"line":44,"column":6},"end":{"line":44,"column":73}},"type":"binary-expr","locations":[{"start":{"line":44,"column":6},"end":{"line":44,"column":35}},{"start":{"line":44,"column":39},"end":{"line":44,"column":73}}]},"13":{"loc":{"start":{"line":48,"column":2},"end":{"line":50,"column":null}},"type":"if","locations":[{"start":{"line":48,"column":2},"end":{"line":50,"column":null}}]},"14":{"loc":{"start":{"line":48,"column":6},"end":{"line":48,"column":71}},"type":"binary-expr","locations":[{"start":{"line":48,"column":6},"end":{"line":48,"column":34}},{"start":{"line":48,"column":38},"end":{"line":48,"column":71}}]},"15":{"loc":{"start":{"line":52,"column":2},"end":{"line":54,"column":null}},"type":"if","locations":[{"start":{"line":52,"column":2},"end":{"line":54,"column":null}}]},"16":{"loc":{"start":{"line":56,"column":2},"end":{"line":58,"column":null}},"type":"if","locations":[{"start":{"line":56,"column":2},"end":{"line":58,"column":null}}]},"17":{"loc":{"start":{"line":56,"column":6},"end":{"line":56,"column":69}},"type":"binary-expr","locations":[{"start":{"line":56,"column":6},"end":{"line":56,"column":33}},{"start":{"line":56,"column":37},"end":{"line":56,"column":69}}]},"18":{"loc":{"start":{"line":64,"column":2},"end":{"line":66,"column":null}},"type":"if","locations":[{"start":{"line":64,"column":2},"end":{"line":66,"column":null}}]},"19":{"loc":{"start":{"line":64,"column":6},"end":{"line":64,"column":71}},"type":"binary-expr","locations":[{"start":{"line":64,"column":6},"end":{"line":64,"column":34}},{"start":{"line":64,"column":38},"end":{"line":64,"column":71}}]},"20":{"loc":{"start":{"line":68,"column":2},"end":{"line":70,"column":null}},"type":"if","locations":[{"start":{"line":68,"column":2},"end":{"line":70,"column":null}}]},"21":{"loc":{"start":{"line":68,"column":6},"end":{"line":68,"column":41}},"type":"binary-expr","locations":[{"start":{"line":68,"column":6},"end":{"line":68,"column":28}},{"start":{"line":68,"column":32},"end":{"line":68,"column":41}}]},"22":{"loc":{"start":{"line":76,"column":2},"end":{"line":78,"column":null}},"type":"if","locations":[{"start":{"line":76,"column":2},"end":{"line":78,"column":null}}]},"23":{"loc":{"start":{"line":80,"column":2},"end":{"line":82,"column":null}},"type":"if","locations":[{"start":{"line":80,"column":2},"end":{"line":82,"column":null}}]},"24":{"loc":{"start":{"line":84,"column":2},"end":{"line":86,"column":null}},"type":"if","locations":[{"start":{"line":84,"column":2},"end":{"line":86,"column":null}}]},"25":{"loc":{"start":{"line":84,"column":6},"end":{"line":84,"column":61}},"type":"binary-expr","locations":[{"start":{"line":84,"column":6},"end":{"line":84,"column":33}},{"start":{"line":84,"column":37},"end":{"line":84,"column":61}}]}},"s":{"0":1,"1":4,"2":1,"3":1,"4":3,"5":3,"6":1,"7":1,"8":0,"9":0,"10":0,"11":0,"12":0,"13":0,"14":0,"15":1,"16":1,"17":2,"18":0,"19":2,"20":0,"21":2,"22":1,"23":1,"24":0,"25":1,"26":0,"27":1,"28":0,"29":1,"30":0,"31":1,"32":1,"33":1,"34":0,"35":0,"36":0,"37":0,"38":0,"39":1,"40":1,"41":2,"42":0,"43":2,"44":1,"45":1,"46":0,"47":1,"48":1},"f":{"0":4,"1":3,"2":0,"3":2,"4":0,"5":2},"b":{"0":[3,3],"1":[0],"2":[0],"3":[0,0],"4":[0],"5":[0,0],"6":[0],"7":[2,2],"8":[0],"9":[2,2],"10":[1],"11":[0],"12":[1,1],"13":[0],"14":[1,1],"15":[0],"16":[0],"17":[1,1],"18":[0],"19":[0,0],"20":[0],"21":[0,0],"22":[0],"23":[1],"24":[0],"25":[1,0]}}
}
