TN:
SF:src/utils/checkRequests.ts
FN:3,(anonymous_0)
FN:17,(anonymous_1)
FN:22,(anonymous_2)
FN:38,(anonymous_3)
FN:69,(anonymous_4)
FN:81,(anonymous_5)
FNF:6
FNH:4
FNDA:6,(anonymous_0)
FNDA:3,(anonymous_1)
FNDA:0,(anonymous_2)
FNDA:2,(anonymous_3)
FNDA:0,(anonymous_4)
FNDA:2,(anonymous_5)
DA:3,1
DA:4,6
DA:10,6
DA:11,4
DA:14,2
DA:17,1
DA:18,3
DA:19,3
DA:22,1
DA:23,0
DA:24,0
DA:27,0
DA:28,0
DA:31,0
DA:32,0
DA:35,0
DA:38,1
DA:39,2
DA:40,0
DA:42,2
DA:43,0
DA:46,2
DA:47,1
DA:50,1
DA:51,0
DA:54,1
DA:55,0
DA:58,1
DA:59,0
DA:62,1
DA:63,0
DA:66,1
DA:69,1
DA:70,0
DA:71,0
DA:74,0
DA:75,0
DA:78,0
DA:81,1
DA:82,2
DA:83,0
DA:86,2
DA:87,1
DA:90,1
DA:91,0
DA:94,1
LF:46
LH:26
BRDA:10,0,0,4
BRDA:19,1,0,3
BRDA:19,1,1,3
BRDA:23,2,0,0
BRDA:27,3,0,0
BRDA:27,4,0,0
BRDA:27,4,1,0
BRDA:31,5,0,0
BRDA:31,6,0,0
BRDA:31,6,1,0
BRDA:39,7,0,0
BRDA:39,8,0,2
BRDA:39,8,1,2
BRDA:42,9,0,0
BRDA:42,10,0,2
BRDA:42,10,1,2
BRDA:46,11,0,1
BRDA:50,12,0,0
BRDA:50,13,0,1
BRDA:50,13,1,1
BRDA:54,14,0,0
BRDA:54,15,0,1
BRDA:54,15,1,1
BRDA:58,16,0,0
BRDA:62,17,0,0
BRDA:62,18,0,1
BRDA:62,18,1,1
BRDA:70,19,0,0
BRDA:70,20,0,0
BRDA:70,20,1,0
BRDA:74,21,0,0
BRDA:74,22,0,0
BRDA:74,22,1,0
BRDA:82,23,0,0
BRDA:86,24,0,1
BRDA:90,25,0,0
BRDA:90,26,0,1
BRDA:90,26,1,0
BRF:38
BRH:16
end_of_record
