TN:
SF:src/utils/checkRequests.ts
FN:3,(anonymous_0)
FN:11,(anonymous_1)
FN:16,(anonymous_2)
FN:32,(anonymous_3)
FN:63,(anonymous_4)
FN:75,(anonymous_5)
FNF:6
FNH:4
FNDA:4,(anonymous_0)
FNDA:3,(anonymous_1)
FNDA:0,(anonymous_2)
FNDA:2,(anonymous_3)
FNDA:0,(anonymous_4)
FNDA:2,(anonymous_5)
DA:3,1
DA:4,4
DA:11,1
DA:12,3
DA:13,3
DA:16,1
DA:17,0
DA:18,0
DA:21,0
DA:22,0
DA:25,0
DA:26,0
DA:29,0
DA:32,1
DA:33,2
DA:34,0
DA:36,2
DA:37,0
DA:40,2
DA:41,1
DA:44,1
DA:45,0
DA:48,1
DA:49,0
DA:52,1
DA:53,0
DA:56,1
DA:57,0
DA:60,1
DA:63,1
DA:64,0
DA:65,0
DA:68,0
DA:69,0
DA:72,0
DA:75,1
DA:76,2
DA:77,0
DA:80,2
DA:81,1
DA:84,1
DA:85,0
DA:88,1
LF:43
LH:23
BRDA:13,0,0,3
BRDA:13,0,1,3
BRDA:17,1,0,0
BRDA:21,2,0,0
BRDA:21,3,0,0
BRDA:21,3,1,0
BRDA:25,4,0,0
BRDA:25,5,0,0
BRDA:25,5,1,0
BRDA:33,6,0,0
BRDA:33,7,0,2
BRDA:33,7,1,2
BRDA:36,8,0,0
BRDA:36,9,0,2
BRDA:36,9,1,2
BRDA:40,10,0,1
BRDA:44,11,0,0
BRDA:44,12,0,1
BRDA:44,12,1,1
BRDA:48,13,0,0
BRDA:48,14,0,1
BRDA:48,14,1,1
BRDA:52,15,0,0
BRDA:56,16,0,0
BRDA:56,17,0,1
BRDA:56,17,1,1
BRDA:64,18,0,0
BRDA:64,19,0,0
BRDA:64,19,1,0
BRDA:68,20,0,0
BRDA:68,21,0,0
BRDA:68,21,1,0
BRDA:76,22,0,0
BRDA:80,23,0,1
BRDA:84,24,0,0
BRDA:84,25,0,1
BRDA:84,25,1,0
BRF:37
BRH:15
end_of_record
